TN:
SF:src\components\PassengerModal.tsx
FN:21,PassengerModal
FN:28,(anonymous_1)
FN:29,(anonymous_2)
FN:42,(anonymous_3)
FN:43,(anonymous_4)
FN:44,(anonymous_5)
FN:62,(anonymous_6)
FN:63,(anonymous_7)
FN:64,(anonymous_8)
FN:74,(anonymous_9)
FN:75,(anonymous_10)
FN:76,(anonymous_11)
FN:80,(anonymous_12)
FN:90,(anonymous_13)
FN:100,(anonymous_14)
FN:119,(anonymous_15)
FN:133,(anonymous_16)
FN:153,(anonymous_17)
FN:160,(anonymous_18)
FN:168,(anonymous_19)
FN:174,(anonymous_20)
FNF:21
FNH:0
FNDA:0,PassengerModal
FNDA:0,(anonymous_1)
FNDA:0,(anonymous_2)
FNDA:0,(anonymous_3)
FNDA:0,(anonymous_4)
FNDA:0,(anonymous_5)
FNDA:0,(anonymous_6)
FNDA:0,(anonymous_7)
FNDA:0,(anonymous_8)
FNDA:0,(anonymous_9)
FNDA:0,(anonymous_10)
FNDA:0,(anonymous_11)
FNDA:0,(anonymous_12)
FNDA:0,(anonymous_13)
FNDA:0,(anonymous_14)
FNDA:0,(anonymous_15)
FNDA:0,(anonymous_16)
FNDA:0,(anonymous_17)
FNDA:0,(anonymous_18)
FNDA:0,(anonymous_19)
FNDA:0,(anonymous_20)
DA:5,1
DA:26,0
DA:28,0
DA:29,0
DA:30,0
DA:31,0
DA:32,0
DA:33,0
DA:35,0
DA:39,0
DA:42,0
DA:43,0
DA:44,0
DA:45,0
DA:55,0
DA:56,0
DA:57,0
DA:58,0
DA:62,0
DA:63,0
DA:64,0
DA:65,0
DA:69,0
DA:70,0
DA:74,0
DA:75,0
DA:76,0
DA:77,0
DA:81,0
DA:86,0
DA:87,0
DA:90,0
DA:91,0
DA:99,0
DA:100,0
DA:102,0
DA:104,0
DA:105,0
DA:107,0
DA:108,0
DA:110,0
DA:111,0
DA:113,0
DA:116,0
DA:117,0
DA:119,0
DA:120,0
DA:121,0
DA:124,0
DA:126,0
DA:127,0
DA:129,0
DA:134,0
DA:153,0
DA:160,0
DA:169,0
DA:174,0
LF:57
LH:1
BRDA:45,0,0,0
BRDA:45,0,1,0
BRDA:65,1,0,0
BRDA:65,1,1,0
BRDA:77,2,0,0
BRDA:77,2,1,0
BRDA:81,3,0,0
BRDA:81,3,1,0
BRDA:102,4,0,0
BRDA:102,4,1,0
BRDA:102,4,2,0
BRDA:102,4,3,0
BRF:12
BRH:0
end_of_record
